Copyright 1986-2018 Xilinx, Inc. All Rights Reserved.
------------------------------------------------------------------------------------------
| Tool Version : Vivado v.2018.3 (win64) Build 2405991 Thu Dec  6 23:38:27 MST 2018
| Date         : Thu Apr 23 08:35:07 2020
| Host         : DESKTOP-6UBJ19M running 64-bit major release  (build 9200)
| Command      : report_control_sets -verbose -file guessing_game_control_sets_placed.rpt
| Design       : guessing_game
| Device       : xc7a35t
------------------------------------------------------------------------------------------

Control Set Information

Table of Contents
-----------------
1. Summary
2. Histogram
3. Flip-Flop Distribution
4. Detailed Control Set Information

1. Summary
----------

+----------------------------------------------------------+-------+
|                          Status                          | Count |
+----------------------------------------------------------+-------+
| Number of unique control sets                            |     5 |
| Unused register locations in slices containing registers |    20 |
+----------------------------------------------------------+-------+


2. Histogram
------------

+--------+--------------+
| Fanout | Control Sets |
+--------+--------------+
|      1 |            2 |
|      4 |            1 |
|      6 |            1 |
|    16+ |            1 |
+--------+--------------+


3. Flip-Flop Distribution
-------------------------

+--------------+-----------------------+------------------------+-----------------+--------------+
| Clock Enable | Synchronous Set/Reset | Asynchronous Set/Reset | Total Registers | Total Slices |
+--------------+-----------------------+------------------------+-----------------+--------------+
| No           | No                    | No                     |               6 |            3 |
| No           | No                    | Yes                    |              40 |            9 |
| No           | Yes                   | No                     |               0 |            0 |
| Yes          | No                    | No                     |               0 |            0 |
| Yes          | No                    | Yes                    |               6 |            1 |
| Yes          | Yes                   | No                     |               0 |            0 |
+--------------+-----------------------+------------------------+-----------------+--------------+


4. Detailed Control Set Information
-----------------------------------

+--------------------------+------------------------------------+------------------+------------------+----------------+
|       Clock Signal       |            Enable Signal           | Set/Reset Signal | Slice Load Count | Bel Load Count |
+--------------------------+------------------------------------+------------------+------------------+----------------+
|  topmod/win_reg_i_1_n_0  |                                    |                  |                1 |              1 |
|  topmod/lose_reg_i_1_n_0 |                                    |                  |                1 |              1 |
|  topmod/y_reg[3]_i_1_n_0 |                                    |                  |                1 |              4 |
|  counter1/CLK            | topmod/FSM_onehot_state[5]_i_1_n_0 | btnC_IBUF        |                1 |              6 |
|  clk_IBUF_BUFG           |                                    | btnC_IBUF        |                9 |             40 |
+--------------------------+------------------------------------+------------------+------------------+----------------+


