
*** Running vivado
    with args -log basys3_lab9.vds -m64 -product Vivado -mode batch -messageDb vivado.pb -notrace -source basys3_lab9.tcl


****** Vivado v2018.3 (64-bit)
  **** SW Build 2405991 on Thu Dec  6 23:38:27 MST 2018
  **** IP Build 2404404 on Fri Dec  7 01:43:56 MST 2018
    ** Copyright 1986-2018 Xilinx, Inc. All Rights Reserved.

source basys3_lab9.tcl -notrace
Command: synth_design -top basys3_lab9 -part xc7k70tfbv676-1
Starting synth_design
Attempting to get a license for feature 'Synthesis' and/or device 'xc7k70t'
INFO: [Common 17-349] Got license for feature 'Synthesis' and/or device 'xc7k70t'
INFO: Launching helper process for spawning children vivado processes
INFO: Helper process launched with PID 14140 
WARNING: [Synth 8-2507] parameter declaration becomes local in alu with formal parameter declaration list [C:/Users/anlac/OneDrive/Documents/GitHub/DL202010_lackey/Lab 9/Lab_9.srcs/sources_1/new/alu.sv:7]
WARNING: [Synth 8-2507] parameter declaration becomes local in alu with formal parameter declaration list [C:/Users/anlac/OneDrive/Documents/GitHub/DL202010_lackey/Lab 9/Lab_9.srcs/sources_1/new/alu.sv:8]
WARNING: [Synth 8-2507] parameter declaration becomes local in alu with formal parameter declaration list [C:/Users/anlac/OneDrive/Documents/GitHub/DL202010_lackey/Lab 9/Lab_9.srcs/sources_1/new/alu.sv:9]
WARNING: [Synth 8-2507] parameter declaration becomes local in alu with formal parameter declaration list [C:/Users/anlac/OneDrive/Documents/GitHub/DL202010_lackey/Lab 9/Lab_9.srcs/sources_1/new/alu.sv:10]
WARNING: [Synth 8-2507] parameter declaration becomes local in alu with formal parameter declaration list [C:/Users/anlac/OneDrive/Documents/GitHub/DL202010_lackey/Lab 9/Lab_9.srcs/sources_1/new/alu.sv:11]
---------------------------------------------------------------------------------
Starting RTL Elaboration : Time (s): cpu = 00:00:02 ; elapsed = 00:00:02 . Memory (MB): peak = 353.973 ; gain = 106.809
---------------------------------------------------------------------------------
INFO: [Synth 8-6157] synthesizing module 'basys3_lab9' [C:/Users/anlac/OneDrive/Documents/GitHub/DL202010_lackey/Lab 9/Lab_9.srcs/sources_1/new/basys3_lab9.sv:23]
INFO: [Synth 8-6157] synthesizing module 'top_lab9' [C:/Users/anlac/OneDrive/Documents/GitHub/DL202010_lackey/Lab 9/Lab_9.srcs/sources_1/new/top_lab9.sv:3]
INFO: [Synth 8-6157] synthesizing module 'register' [C:/Users/anlac/OneDrive/Documents/GitHub/DL202010_lackey/Lab 9/Lab_9.srcs/sources_1/new/register.sv:2]
	Parameter N bound to: 4 - type: integer 
INFO: [Synth 8-6155] done synthesizing module 'register' (1#1) [C:/Users/anlac/OneDrive/Documents/GitHub/DL202010_lackey/Lab 9/Lab_9.srcs/sources_1/new/register.sv:2]
WARNING: [Synth 8-689] width (8) of port connection 'D' does not match port width (4) of module 'register' [C:/Users/anlac/OneDrive/Documents/GitHub/DL202010_lackey/Lab 9/Lab_9.srcs/sources_1/new/top_lab9.sv:9]
WARNING: [Synth 8-689] width (8) of port connection 'Q' does not match port width (4) of module 'register' [C:/Users/anlac/OneDrive/Documents/GitHub/DL202010_lackey/Lab 9/Lab_9.srcs/sources_1/new/top_lab9.sv:9]
INFO: [Synth 8-6157] synthesizing module 'alu' [C:/Users/anlac/OneDrive/Documents/GitHub/DL202010_lackey/Lab 9/Lab_9.srcs/sources_1/new/alu.sv:2]
	Parameter N bound to: 8 - type: integer 
	Parameter ADD bound to: 0 - type: integer 
	Parameter SUB bound to: 1 - type: integer 
	Parameter AND bound to: 2 - type: integer 
	Parameter OR bound to: 3 - type: integer 
	Parameter XOR bound to: 4 - type: integer 
INFO: [Synth 8-6155] done synthesizing module 'alu' (2#1) [C:/Users/anlac/OneDrive/Documents/GitHub/DL202010_lackey/Lab 9/Lab_9.srcs/sources_1/new/alu.sv:2]
WARNING: [Synth 8-689] width (8) of port connection 'D' does not match port width (4) of module 'register' [C:/Users/anlac/OneDrive/Documents/GitHub/DL202010_lackey/Lab 9/Lab_9.srcs/sources_1/new/top_lab9.sv:15]
WARNING: [Synth 8-689] width (8) of port connection 'Q' does not match port width (4) of module 'register' [C:/Users/anlac/OneDrive/Documents/GitHub/DL202010_lackey/Lab 9/Lab_9.srcs/sources_1/new/top_lab9.sv:15]
INFO: [Synth 8-6155] done synthesizing module 'top_lab9' (3#1) [C:/Users/anlac/OneDrive/Documents/GitHub/DL202010_lackey/Lab 9/Lab_9.srcs/sources_1/new/top_lab9.sv:3]
WARNING: [Synth 8-85] always block has no event control specified [C:/Users/anlac/OneDrive/Documents/GitHub/DL202010_lackey/Lab 9/Lab_9.srcs/sources_1/new/basys3_lab9.sv:31]
WARNING: [Synth 8-3848] Net sw in module/entity basys3_lab9 does not have driver. [C:/Users/anlac/OneDrive/Documents/GitHub/DL202010_lackey/Lab 9/Lab_9.srcs/sources_1/new/basys3_lab9.sv:25]
INFO: [Synth 8-6155] done synthesizing module 'basys3_lab9' (4#1) [C:/Users/anlac/OneDrive/Documents/GitHub/DL202010_lackey/Lab 9/Lab_9.srcs/sources_1/new/basys3_lab9.sv:23]
---------------------------------------------------------------------------------
Finished RTL Elaboration : Time (s): cpu = 00:00:02 ; elapsed = 00:00:03 . Memory (MB): peak = 386.664 ; gain = 139.500
---------------------------------------------------------------------------------

Report Check Netlist: 
+------+------------------+-------+---------+-------+------------------+
|      |Item              |Errors |Warnings |Status |Description       |
+------+------------------+-------+---------+-------+------------------+
|1     |multi_driven_nets |      0|        0|Passed |Multi driven nets |
+------+------------------+-------+---------+-------+------------------+
WARNING: [Synth 8-3295] tying undriven pin top_lab9_inst:sw[11] to constant 0 [C:/Users/anlac/OneDrive/Documents/GitHub/DL202010_lackey/Lab 9/Lab_9.srcs/sources_1/new/basys3_lab9.sv:28]
WARNING: [Synth 8-3295] tying undriven pin top_lab9_inst:sw[10] to constant 0 [C:/Users/anlac/OneDrive/Documents/GitHub/DL202010_lackey/Lab 9/Lab_9.srcs/sources_1/new/basys3_lab9.sv:28]
WARNING: [Synth 8-3295] tying undriven pin top_lab9_inst:sw[9] to constant 0 [C:/Users/anlac/OneDrive/Documents/GitHub/DL202010_lackey/Lab 9/Lab_9.srcs/sources_1/new/basys3_lab9.sv:28]
WARNING: [Synth 8-3295] tying undriven pin top_lab9_inst:sw[8] to constant 0 [C:/Users/anlac/OneDrive/Documents/GitHub/DL202010_lackey/Lab 9/Lab_9.srcs/sources_1/new/basys3_lab9.sv:28]
WARNING: [Synth 8-3295] tying undriven pin top_lab9_inst:sw[7] to constant 0 [C:/Users/anlac/OneDrive/Documents/GitHub/DL202010_lackey/Lab 9/Lab_9.srcs/sources_1/new/basys3_lab9.sv:28]
WARNING: [Synth 8-3295] tying undriven pin top_lab9_inst:sw[6] to constant 0 [C:/Users/anlac/OneDrive/Documents/GitHub/DL202010_lackey/Lab 9/Lab_9.srcs/sources_1/new/basys3_lab9.sv:28]
WARNING: [Synth 8-3295] tying undriven pin top_lab9_inst:sw[5] to constant 0 [C:/Users/anlac/OneDrive/Documents/GitHub/DL202010_lackey/Lab 9/Lab_9.srcs/sources_1/new/basys3_lab9.sv:28]
WARNING: [Synth 8-3295] tying undriven pin top_lab9_inst:sw[4] to constant 0 [C:/Users/anlac/OneDrive/Documents/GitHub/DL202010_lackey/Lab 9/Lab_9.srcs/sources_1/new/basys3_lab9.sv:28]
WARNING: [Synth 8-3295] tying undriven pin top_lab9_inst:sw[3] to constant 0 [C:/Users/anlac/OneDrive/Documents/GitHub/DL202010_lackey/Lab 9/Lab_9.srcs/sources_1/new/basys3_lab9.sv:28]
WARNING: [Synth 8-3295] tying undriven pin top_lab9_inst:sw[2] to constant 0 [C:/Users/anlac/OneDrive/Documents/GitHub/DL202010_lackey/Lab 9/Lab_9.srcs/sources_1/new/basys3_lab9.sv:28]
WARNING: [Synth 8-3295] tying undriven pin top_lab9_inst:sw[1] to constant 0 [C:/Users/anlac/OneDrive/Documents/GitHub/DL202010_lackey/Lab 9/Lab_9.srcs/sources_1/new/basys3_lab9.sv:28]
WARNING: [Synth 8-3295] tying undriven pin top_lab9_inst:sw[0] to constant 0 [C:/Users/anlac/OneDrive/Documents/GitHub/DL202010_lackey/Lab 9/Lab_9.srcs/sources_1/new/basys3_lab9.sv:28]
---------------------------------------------------------------------------------
Start Handling Custom Attributes
---------------------------------------------------------------------------------
---------------------------------------------------------------------------------
Finished Handling Custom Attributes : Time (s): cpu = 00:00:02 ; elapsed = 00:00:03 . Memory (MB): peak = 386.664 ; gain = 139.500
---------------------------------------------------------------------------------
---------------------------------------------------------------------------------
Finished RTL Optimization Phase 1 : Time (s): cpu = 00:00:02 ; elapsed = 00:00:03 . Memory (MB): peak = 386.664 ; gain = 139.500
---------------------------------------------------------------------------------
INFO: [Device 21-403] Loading part xc7k70tfbv676-1
INFO: [Project 1-570] Preparing netlist for logic optimization

Processing XDC Constraints
Initializing timing engine
Parsing XDC File [C:/Users/anlac/OneDrive/Documents/GitHub/DL202010_lackey/Lab 9/btnC.xdc]
WARNING: [Vivado 12-584] No ports matched 'btnC'. [C:/Users/anlac/OneDrive/Documents/GitHub/DL202010_lackey/Lab 9/btnC.xdc:1]
CRITICAL WARNING: [Common 17-55] 'set_property' expects at least one object. [C:/Users/anlac/OneDrive/Documents/GitHub/DL202010_lackey/Lab 9/btnC.xdc:1]
Resolution: If [get_<value>] was used to populate the object, check to make sure this command returns at least one valid object.
WARNING: [Vivado 12-584] No ports matched 'btnC'. [C:/Users/anlac/OneDrive/Documents/GitHub/DL202010_lackey/Lab 9/btnC.xdc:2]
CRITICAL WARNING: [Common 17-55] 'set_property' expects at least one object. [C:/Users/anlac/OneDrive/Documents/GitHub/DL202010_lackey/Lab 9/btnC.xdc:2]
Resolution: If [get_<value>] was used to populate the object, check to make sure this command returns at least one valid object.
Finished Parsing XDC File [C:/Users/anlac/OneDrive/Documents/GitHub/DL202010_lackey/Lab 9/btnC.xdc]
Parsing XDC File [C:/Users/anlac/OneDrive/Documents/GitHub/DL202010_lackey/Lab 9/btnD.xdc]
WARNING: [Vivado 12-584] No ports matched 'btnD'. [C:/Users/anlac/OneDrive/Documents/GitHub/DL202010_lackey/Lab 9/btnD.xdc:1]
CRITICAL WARNING: [Common 17-55] 'set_property' expects at least one object. [C:/Users/anlac/OneDrive/Documents/GitHub/DL202010_lackey/Lab 9/btnD.xdc:1]
Resolution: If [get_<value>] was used to populate the object, check to make sure this command returns at least one valid object.
WARNING: [Vivado 12-584] No ports matched 'btnD'. [C:/Users/anlac/OneDrive/Documents/GitHub/DL202010_lackey/Lab 9/btnD.xdc:2]
CRITICAL WARNING: [Common 17-55] 'set_property' expects at least one object. [C:/Users/anlac/OneDrive/Documents/GitHub/DL202010_lackey/Lab 9/btnD.xdc:2]
Resolution: If [get_<value>] was used to populate the object, check to make sure this command returns at least one valid object.
Finished Parsing XDC File [C:/Users/anlac/OneDrive/Documents/GitHub/DL202010_lackey/Lab 9/btnD.xdc]
Parsing XDC File [C:/Users/anlac/OneDrive/Documents/GitHub/DL202010_lackey/Lab 9/btnU.xdc]
WARNING: [Vivado 12-584] No ports matched 'btnU'. [C:/Users/anlac/OneDrive/Documents/GitHub/DL202010_lackey/Lab 9/btnU.xdc:1]
CRITICAL WARNING: [Common 17-55] 'set_property' expects at least one object. [C:/Users/anlac/OneDrive/Documents/GitHub/DL202010_lackey/Lab 9/btnU.xdc:1]
Resolution: If [get_<value>] was used to populate the object, check to make sure this command returns at least one valid object.
WARNING: [Vivado 12-584] No ports matched 'btnU'. [C:/Users/anlac/OneDrive/Documents/GitHub/DL202010_lackey/Lab 9/btnU.xdc:2]
CRITICAL WARNING: [Common 17-55] 'set_property' expects at least one object. [C:/Users/anlac/OneDrive/Documents/GitHub/DL202010_lackey/Lab 9/btnU.xdc:2]
Resolution: If [get_<value>] was used to populate the object, check to make sure this command returns at least one valid object.
Finished Parsing XDC File [C:/Users/anlac/OneDrive/Documents/GitHub/DL202010_lackey/Lab 9/btnU.xdc]
Parsing XDC File [C:/Users/anlac/OneDrive/Documents/GitHub/DL202010_lackey/Lab 9/clock.xdc]
WARNING: [Vivado 12-584] No ports matched 'clk'. [C:/Users/anlac/OneDrive/Documents/GitHub/DL202010_lackey/Lab 9/clock.xdc:2]
CRITICAL WARNING: [Common 17-55] 'set_property' expects at least one object. [C:/Users/anlac/OneDrive/Documents/GitHub/DL202010_lackey/Lab 9/clock.xdc:2]
Resolution: If [get_<value>] was used to populate the object, check to make sure this command returns at least one valid object.
WARNING: [Vivado 12-584] No ports matched 'clk'. [C:/Users/anlac/OneDrive/Documents/GitHub/DL202010_lackey/Lab 9/clock.xdc:3]
CRITICAL WARNING: [Common 17-55] 'set_property' expects at least one object. [C:/Users/anlac/OneDrive/Documents/GitHub/DL202010_lackey/Lab 9/clock.xdc:3]
Resolution: If [get_<value>] was used to populate the object, check to make sure this command returns at least one valid object.
WARNING: [Vivado 12-584] No ports matched 'clk'. [C:/Users/anlac/OneDrive/Documents/GitHub/DL202010_lackey/Lab 9/clock.xdc:4]
CRITICAL WARNING: [Vivado 12-4739] create_clock:No valid object(s) found for '-objects [get_ports clk]'. [C:/Users/anlac/OneDrive/Documents/GitHub/DL202010_lackey/Lab 9/clock.xdc:4]
Resolution: Check if the specified object(s) exists in the current design. If it does, ensure that the correct design hierarchy was specified for the object. If you are working with clocks, make sure create_clock was used to create the clock object before it is referenced.
Finished Parsing XDC File [C:/Users/anlac/OneDrive/Documents/GitHub/DL202010_lackey/Lab 9/clock.xdc]
Parsing XDC File [C:/Users/anlac/OneDrive/Documents/GitHub/DL202010_lackey/Lab 9/led.xdc]
WARNING: [Vivado 12-584] No ports matched 'led[0]'. [C:/Users/anlac/OneDrive/Documents/GitHub/DL202010_lackey/Lab 9/led.xdc:2]
CRITICAL WARNING: [Common 17-55] 'set_property' expects at least one object. [C:/Users/anlac/OneDrive/Documents/GitHub/DL202010_lackey/Lab 9/led.xdc:2]
Resolution: If [get_<value>] was used to populate the object, check to make sure this command returns at least one valid object.
WARNING: [Vivado 12-584] No ports matched 'led[0]'. [C:/Users/anlac/OneDrive/Documents/GitHub/DL202010_lackey/Lab 9/led.xdc:3]
CRITICAL WARNING: [Common 17-55] 'set_property' expects at least one object. [C:/Users/anlac/OneDrive/Documents/GitHub/DL202010_lackey/Lab 9/led.xdc:3]
Resolution: If [get_<value>] was used to populate the object, check to make sure this command returns at least one valid object.
WARNING: [Vivado 12-584] No ports matched 'led[1]'. [C:/Users/anlac/OneDrive/Documents/GitHub/DL202010_lackey/Lab 9/led.xdc:4]
CRITICAL WARNING: [Common 17-55] 'set_property' expects at least one object. [C:/Users/anlac/OneDrive/Documents/GitHub/DL202010_lackey/Lab 9/led.xdc:4]
Resolution: If [get_<value>] was used to populate the object, check to make sure this command returns at least one valid object.
WARNING: [Vivado 12-584] No ports matched 'led[1]'. [C:/Users/anlac/OneDrive/Documents/GitHub/DL202010_lackey/Lab 9/led.xdc:5]
CRITICAL WARNING: [Common 17-55] 'set_property' expects at least one object. [C:/Users/anlac/OneDrive/Documents/GitHub/DL202010_lackey/Lab 9/led.xdc:5]
Resolution: If [get_<value>] was used to populate the object, check to make sure this command returns at least one valid object.
WARNING: [Vivado 12-584] No ports matched 'led[2]'. [C:/Users/anlac/OneDrive/Documents/GitHub/DL202010_lackey/Lab 9/led.xdc:6]
CRITICAL WARNING: [Common 17-55] 'set_property' expects at least one object. [C:/Users/anlac/OneDrive/Documents/GitHub/DL202010_lackey/Lab 9/led.xdc:6]
Resolution: If [get_<value>] was used to populate the object, check to make sure this command returns at least one valid object.
WARNING: [Vivado 12-584] No ports matched 'led[2]'. [C:/Users/anlac/OneDrive/Documents/GitHub/DL202010_lackey/Lab 9/led.xdc:7]
CRITICAL WARNING: [Common 17-55] 'set_property' expects at least one object. [C:/Users/anlac/OneDrive/Documents/GitHub/DL202010_lackey/Lab 9/led.xdc:7]
Resolution: If [get_<value>] was used to populate the object, check to make sure this command returns at least one valid object.
WARNING: [Vivado 12-584] No ports matched 'led[3]'. [C:/Users/anlac/OneDrive/Documents/GitHub/DL202010_lackey/Lab 9/led.xdc:8]
CRITICAL WARNING: [Common 17-55] 'set_property' expects at least one object. [C:/Users/anlac/OneDrive/Documents/GitHub/DL202010_lackey/Lab 9/led.xdc:8]
Resolution: If [get_<value>] was used to populate the object, check to make sure this command returns at least one valid object.
WARNING: [Vivado 12-584] No ports matched 'led[3]'. [C:/Users/anlac/OneDrive/Documents/GitHub/DL202010_lackey/Lab 9/led.xdc:9]
CRITICAL WARNING: [Common 17-55] 'set_property' expects at least one object. [C:/Users/anlac/OneDrive/Documents/GitHub/DL202010_lackey/Lab 9/led.xdc:9]
Resolution: If [get_<value>] was used to populate the object, check to make sure this command returns at least one valid object.
WARNING: [Vivado 12-584] No ports matched 'led[4]'. [C:/Users/anlac/OneDrive/Documents/GitHub/DL202010_lackey/Lab 9/led.xdc:10]
CRITICAL WARNING: [Common 17-55] 'set_property' expects at least one object. [C:/Users/anlac/OneDrive/Documents/GitHub/DL202010_lackey/Lab 9/led.xdc:10]
Resolution: If [get_<value>] was used to populate the object, check to make sure this command returns at least one valid object.
WARNING: [Vivado 12-584] No ports matched 'led[4]'. [C:/Users/anlac/OneDrive/Documents/GitHub/DL202010_lackey/Lab 9/led.xdc:11]
CRITICAL WARNING: [Common 17-55] 'set_property' expects at least one object. [C:/Users/anlac/OneDrive/Documents/GitHub/DL202010_lackey/Lab 9/led.xdc:11]
Resolution: If [get_<value>] was used to populate the object, check to make sure this command returns at least one valid object.
WARNING: [Vivado 12-584] No ports matched 'led[5]'. [C:/Users/anlac/OneDrive/Documents/GitHub/DL202010_lackey/Lab 9/led.xdc:12]
CRITICAL WARNING: [Common 17-55] 'set_property' expects at least one object. [C:/Users/anlac/OneDrive/Documents/GitHub/DL202010_lackey/Lab 9/led.xdc:12]
Resolution: If [get_<value>] was used to populate the object, check to make sure this command returns at least one valid object.
WARNING: [Vivado 12-584] No ports matched 'led[5]'. [C:/Users/anlac/OneDrive/Documents/GitHub/DL202010_lackey/Lab 9/led.xdc:13]
CRITICAL WARNING: [Common 17-55] 'set_property' expects at least one object. [C:/Users/anlac/OneDrive/Documents/GitHub/DL202010_lackey/Lab 9/led.xdc:13]
Resolution: If [get_<value>] was used to populate the object, check to make sure this command returns at least one valid object.
WARNING: [Vivado 12-584] No ports matched 'led[6]'. [C:/Users/anlac/OneDrive/Documents/GitHub/DL202010_lackey/Lab 9/led.xdc:14]
CRITICAL WARNING: [Common 17-55] 'set_property' expects at least one object. [C:/Users/anlac/OneDrive/Documents/GitHub/DL202010_lackey/Lab 9/led.xdc:14]
Resolution: If [get_<value>] was used to populate the object, check to make sure this command returns at least one valid object.
WARNING: [Vivado 12-584] No ports matched 'led[6]'. [C:/Users/anlac/OneDrive/Documents/GitHub/DL202010_lackey/Lab 9/led.xdc:15]
CRITICAL WARNING: [Common 17-55] 'set_property' expects at least one object. [C:/Users/anlac/OneDrive/Documents/GitHub/DL202010_lackey/Lab 9/led.xdc:15]
Resolution: If [get_<value>] was used to populate the object, check to make sure this command returns at least one valid object.
WARNING: [Vivado 12-584] No ports matched 'led[7]'. [C:/Users/anlac/OneDrive/Documents/GitHub/DL202010_lackey/Lab 9/led.xdc:16]
CRITICAL WARNING: [Common 17-55] 'set_property' expects at least one object. [C:/Users/anlac/OneDrive/Documents/GitHub/DL202010_lackey/Lab 9/led.xdc:16]
Resolution: If [get_<value>] was used to populate the object, check to make sure this command returns at least one valid object.
WARNING: [Vivado 12-584] No ports matched 'led[7]'. [C:/Users/anlac/OneDrive/Documents/GitHub/DL202010_lackey/Lab 9/led.xdc:17]
CRITICAL WARNING: [Common 17-55] 'set_property' expects at least one object. [C:/Users/anlac/OneDrive/Documents/GitHub/DL202010_lackey/Lab 9/led.xdc:17]
Resolution: If [get_<value>] was used to populate the object, check to make sure this command returns at least one valid object.
WARNING: [Vivado 12-584] No ports matched 'led[8]'. [C:/Users/anlac/OneDrive/Documents/GitHub/DL202010_lackey/Lab 9/led.xdc:18]
CRITICAL WARNING: [Common 17-55] 'set_property' expects at least one object. [C:/Users/anlac/OneDrive/Documents/GitHub/DL202010_lackey/Lab 9/led.xdc:18]
Resolution: If [get_<value>] was used to populate the object, check to make sure this command returns at least one valid object.
WARNING: [Vivado 12-584] No ports matched 'led[8]'. [C:/Users/anlac/OneDrive/Documents/GitHub/DL202010_lackey/Lab 9/led.xdc:19]
CRITICAL WARNING: [Common 17-55] 'set_property' expects at least one object. [C:/Users/anlac/OneDrive/Documents/GitHub/DL202010_lackey/Lab 9/led.xdc:19]
Resolution: If [get_<value>] was used to populate the object, check to make sure this command returns at least one valid object.
WARNING: [Vivado 12-584] No ports matched 'led[9]'. [C:/Users/anlac/OneDrive/Documents/GitHub/DL202010_lackey/Lab 9/led.xdc:20]
CRITICAL WARNING: [Common 17-55] 'set_property' expects at least one object. [C:/Users/anlac/OneDrive/Documents/GitHub/DL202010_lackey/Lab 9/led.xdc:20]
Resolution: If [get_<value>] was used to populate the object, check to make sure this command returns at least one valid object.
WARNING: [Vivado 12-584] No ports matched 'led[9]'. [C:/Users/anlac/OneDrive/Documents/GitHub/DL202010_lackey/Lab 9/led.xdc:21]
CRITICAL WARNING: [Common 17-55] 'set_property' expects at least one object. [C:/Users/anlac/OneDrive/Documents/GitHub/DL202010_lackey/Lab 9/led.xdc:21]
Resolution: If [get_<value>] was used to populate the object, check to make sure this command returns at least one valid object.
WARNING: [Vivado 12-584] No ports matched 'led[10]'. [C:/Users/anlac/OneDrive/Documents/GitHub/DL202010_lackey/Lab 9/led.xdc:22]
CRITICAL WARNING: [Common 17-55] 'set_property' expects at least one object. [C:/Users/anlac/OneDrive/Documents/GitHub/DL202010_lackey/Lab 9/led.xdc:22]
Resolution: If [get_<value>] was used to populate the object, check to make sure this command returns at least one valid object.
WARNING: [Vivado 12-584] No ports matched 'led[10]'. [C:/Users/anlac/OneDrive/Documents/GitHub/DL202010_lackey/Lab 9/led.xdc:23]
CRITICAL WARNING: [Common 17-55] 'set_property' expects at least one object. [C:/Users/anlac/OneDrive/Documents/GitHub/DL202010_lackey/Lab 9/led.xdc:23]
Resolution: If [get_<value>] was used to populate the object, check to make sure this command returns at least one valid object.
WARNING: [Vivado 12-584] No ports matched 'led[11]'. [C:/Users/anlac/OneDrive/Documents/GitHub/DL202010_lackey/Lab 9/led.xdc:24]
CRITICAL WARNING: [Common 17-55] 'set_property' expects at least one object. [C:/Users/anlac/OneDrive/Documents/GitHub/DL202010_lackey/Lab 9/led.xdc:24]
Resolution: If [get_<value>] was used to populate the object, check to make sure this command returns at least one valid object.
WARNING: [Vivado 12-584] No ports matched 'led[11]'. [C:/Users/anlac/OneDrive/Documents/GitHub/DL202010_lackey/Lab 9/led.xdc:25]
CRITICAL WARNING: [Common 17-55] 'set_property' expects at least one object. [C:/Users/anlac/OneDrive/Documents/GitHub/DL202010_lackey/Lab 9/led.xdc:25]
Resolution: If [get_<value>] was used to populate the object, check to make sure this command returns at least one valid object.
WARNING: [Vivado 12-584] No ports matched 'led[12]'. [C:/Users/anlac/OneDrive/Documents/GitHub/DL202010_lackey/Lab 9/led.xdc:26]
CRITICAL WARNING: [Common 17-55] 'set_property' expects at least one object. [C:/Users/anlac/OneDrive/Documents/GitHub/DL202010_lackey/Lab 9/led.xdc:26]
Resolution: If [get_<value>] was used to populate the object, check to make sure this command returns at least one valid object.
WARNING: [Vivado 12-584] No ports matched 'led[12]'. [C:/Users/anlac/OneDrive/Documents/GitHub/DL202010_lackey/Lab 9/led.xdc:27]
CRITICAL WARNING: [Common 17-55] 'set_property' expects at least one object. [C:/Users/anlac/OneDrive/Documents/GitHub/DL202010_lackey/Lab 9/led.xdc:27]
Resolution: If [get_<value>] was used to populate the object, check to make sure this command returns at least one valid object.
WARNING: [Vivado 12-584] No ports matched 'led[13]'. [C:/Users/anlac/OneDrive/Documents/GitHub/DL202010_lackey/Lab 9/led.xdc:28]
CRITICAL WARNING: [Common 17-55] 'set_property' expects at least one object. [C:/Users/anlac/OneDrive/Documents/GitHub/DL202010_lackey/Lab 9/led.xdc:28]
Resolution: If [get_<value>] was used to populate the object, check to make sure this command returns at least one valid object.
WARNING: [Vivado 12-584] No ports matched 'led[13]'. [C:/Users/anlac/OneDrive/Documents/GitHub/DL202010_lackey/Lab 9/led.xdc:29]
CRITICAL WARNING: [Common 17-55] 'set_property' expects at least one object. [C:/Users/anlac/OneDrive/Documents/GitHub/DL202010_lackey/Lab 9/led.xdc:29]
Resolution: If [get_<value>] was used to populate the object, check to make sure this command returns at least one valid object.
WARNING: [Vivado 12-584] No ports matched 'led[14]'. [C:/Users/anlac/OneDrive/Documents/GitHub/DL202010_lackey/Lab 9/led.xdc:30]
CRITICAL WARNING: [Common 17-55] 'set_property' expects at least one object. [C:/Users/anlac/OneDrive/Documents/GitHub/DL202010_lackey/Lab 9/led.xdc:30]
Resolution: If [get_<value>] was used to populate the object, check to make sure this command returns at least one valid object.
WARNING: [Vivado 12-584] No ports matched 'led[14]'. [C:/Users/anlac/OneDrive/Documents/GitHub/DL202010_lackey/Lab 9/led.xdc:31]
CRITICAL WARNING: [Common 17-55] 'set_property' expects at least one object. [C:/Users/anlac/OneDrive/Documents/GitHub/DL202010_lackey/Lab 9/led.xdc:31]
Resolution: If [get_<value>] was used to populate the object, check to make sure this command returns at least one valid object.
WARNING: [Vivado 12-584] No ports matched 'led[15]'. [C:/Users/anlac/OneDrive/Documents/GitHub/DL202010_lackey/Lab 9/led.xdc:32]
CRITICAL WARNING: [Common 17-55] 'set_property' expects at least one object. [C:/Users/anlac/OneDrive/Documents/GitHub/DL202010_lackey/Lab 9/led.xdc:32]
Resolution: If [get_<value>] was used to populate the object, check to make sure this command returns at least one valid object.
WARNING: [Vivado 12-584] No ports matched 'led[15]'. [C:/Users/anlac/OneDrive/Documents/GitHub/DL202010_lackey/Lab 9/led.xdc:33]
CRITICAL WARNING: [Common 17-55] 'set_property' expects at least one object. [C:/Users/anlac/OneDrive/Documents/GitHub/DL202010_lackey/Lab 9/led.xdc:33]
Resolution: If [get_<value>] was used to populate the object, check to make sure this command returns at least one valid object.
Finished Parsing XDC File [C:/Users/anlac/OneDrive/Documents/GitHub/DL202010_lackey/Lab 9/led.xdc]
Parsing XDC File [C:/Users/anlac/OneDrive/Documents/GitHub/DL202010_lackey/Lab 9/switches.xdc]
WARNING: [Vivado 12-584] No ports matched 'sw[0]'. [C:/Users/anlac/OneDrive/Documents/GitHub/DL202010_lackey/Lab 9/switches.xdc:2]
CRITICAL WARNING: [Common 17-55] 'set_property' expects at least one object. [C:/Users/anlac/OneDrive/Documents/GitHub/DL202010_lackey/Lab 9/switches.xdc:2]
Resolution: If [get_<value>] was used to populate the object, check to make sure this command returns at least one valid object.
WARNING: [Vivado 12-584] No ports matched 'sw[0]'. [C:/Users/anlac/OneDrive/Documents/GitHub/DL202010_lackey/Lab 9/switches.xdc:3]
CRITICAL WARNING: [Common 17-55] 'set_property' expects at least one object. [C:/Users/anlac/OneDrive/Documents/GitHub/DL202010_lackey/Lab 9/switches.xdc:3]
Resolution: If [get_<value>] was used to populate the object, check to make sure this command returns at least one valid object.
WARNING: [Vivado 12-584] No ports matched 'sw[1]'. [C:/Users/anlac/OneDrive/Documents/GitHub/DL202010_lackey/Lab 9/switches.xdc:4]
CRITICAL WARNING: [Common 17-55] 'set_property' expects at least one object. [C:/Users/anlac/OneDrive/Documents/GitHub/DL202010_lackey/Lab 9/switches.xdc:4]
Resolution: If [get_<value>] was used to populate the object, check to make sure this command returns at least one valid object.
WARNING: [Vivado 12-584] No ports matched 'sw[1]'. [C:/Users/anlac/OneDrive/Documents/GitHub/DL202010_lackey/Lab 9/switches.xdc:5]
CRITICAL WARNING: [Common 17-55] 'set_property' expects at least one object. [C:/Users/anlac/OneDrive/Documents/GitHub/DL202010_lackey/Lab 9/switches.xdc:5]
Resolution: If [get_<value>] was used to populate the object, check to make sure this command returns at least one valid object.
WARNING: [Vivado 12-584] No ports matched 'sw[2]'. [C:/Users/anlac/OneDrive/Documents/GitHub/DL202010_lackey/Lab 9/switches.xdc:6]
CRITICAL WARNING: [Common 17-55] 'set_property' expects at least one object. [C:/Users/anlac/OneDrive/Documents/GitHub/DL202010_lackey/Lab 9/switches.xdc:6]
Resolution: If [get_<value>] was used to populate the object, check to make sure this command returns at least one valid object.
WARNING: [Vivado 12-584] No ports matched 'sw[2]'. [C:/Users/anlac/OneDrive/Documents/GitHub/DL202010_lackey/Lab 9/switches.xdc:7]
CRITICAL WARNING: [Common 17-55] 'set_property' expects at least one object. [C:/Users/anlac/OneDrive/Documents/GitHub/DL202010_lackey/Lab 9/switches.xdc:7]
Resolution: If [get_<value>] was used to populate the object, check to make sure this command returns at least one valid object.
WARNING: [Vivado 12-584] No ports matched 'sw[3]'. [C:/Users/anlac/OneDrive/Documents/GitHub/DL202010_lackey/Lab 9/switches.xdc:8]
CRITICAL WARNING: [Common 17-55] 'set_property' expects at least one object. [C:/Users/anlac/OneDrive/Documents/GitHub/DL202010_lackey/Lab 9/switches.xdc:8]
Resolution: If [get_<value>] was used to populate the object, check to make sure this command returns at least one valid object.
WARNING: [Vivado 12-584] No ports matched 'sw[3]'. [C:/Users/anlac/OneDrive/Documents/GitHub/DL202010_lackey/Lab 9/switches.xdc:9]
CRITICAL WARNING: [Common 17-55] 'set_property' expects at least one object. [C:/Users/anlac/OneDrive/Documents/GitHub/DL202010_lackey/Lab 9/switches.xdc:9]
Resolution: If [get_<value>] was used to populate the object, check to make sure this command returns at least one valid object.
WARNING: [Vivado 12-584] No ports matched 'sw[4]'. [C:/Users/anlac/OneDrive/Documents/GitHub/DL202010_lackey/Lab 9/switches.xdc:10]
CRITICAL WARNING: [Common 17-55] 'set_property' expects at least one object. [C:/Users/anlac/OneDrive/Documents/GitHub/DL202010_lackey/Lab 9/switches.xdc:10]
Resolution: If [get_<value>] was used to populate the object, check to make sure this command returns at least one valid object.
WARNING: [Vivado 12-584] No ports matched 'sw[4]'. [C:/Users/anlac/OneDrive/Documents/GitHub/DL202010_lackey/Lab 9/switches.xdc:11]
CRITICAL WARNING: [Common 17-55] 'set_property' expects at least one object. [C:/Users/anlac/OneDrive/Documents/GitHub/DL202010_lackey/Lab 9/switches.xdc:11]
Resolution: If [get_<value>] was used to populate the object, check to make sure this command returns at least one valid object.
WARNING: [Vivado 12-584] No ports matched 'sw[5]'. [C:/Users/anlac/OneDrive/Documents/GitHub/DL202010_lackey/Lab 9/switches.xdc:12]
CRITICAL WARNING: [Common 17-55] 'set_property' expects at least one object. [C:/Users/anlac/OneDrive/Documents/GitHub/DL202010_lackey/Lab 9/switches.xdc:12]
Resolution: If [get_<value>] was used to populate the object, check to make sure this command returns at least one valid object.
WARNING: [Vivado 12-584] No ports matched 'sw[5]'. [C:/Users/anlac/OneDrive/Documents/GitHub/DL202010_lackey/Lab 9/switches.xdc:13]
CRITICAL WARNING: [Common 17-55] 'set_property' expects at least one object. [C:/Users/anlac/OneDrive/Documents/GitHub/DL202010_lackey/Lab 9/switches.xdc:13]
Resolution: If [get_<value>] was used to populate the object, check to make sure this command returns at least one valid object.
WARNING: [Vivado 12-584] No ports matched 'sw[6]'. [C:/Users/anlac/OneDrive/Documents/GitHub/DL202010_lackey/Lab 9/switches.xdc:14]
CRITICAL WARNING: [Common 17-55] 'set_property' expects at least one object. [C:/Users/anlac/OneDrive/Documents/GitHub/DL202010_lackey/Lab 9/switches.xdc:14]
Resolution: If [get_<value>] was used to populate the object, check to make sure this command returns at least one valid object.
WARNING: [Vivado 12-584] No ports matched 'sw[6]'. [C:/Users/anlac/OneDrive/Documents/GitHub/DL202010_lackey/Lab 9/switches.xdc:15]
CRITICAL WARNING: [Common 17-55] 'set_property' expects at least one object. [C:/Users/anlac/OneDrive/Documents/GitHub/DL202010_lackey/Lab 9/switches.xdc:15]
Resolution: If [get_<value>] was used to populate the object, check to make sure this command returns at least one valid object.
WARNING: [Vivado 12-584] No ports matched 'sw[7]'. [C:/Users/anlac/OneDrive/Documents/GitHub/DL202010_lackey/Lab 9/switches.xdc:16]
CRITICAL WARNING: [Common 17-55] 'set_property' expects at least one object. [C:/Users/anlac/OneDrive/Documents/GitHub/DL202010_lackey/Lab 9/switches.xdc:16]
Resolution: If [get_<value>] was used to populate the object, check to make sure this command returns at least one valid object.
WARNING: [Vivado 12-584] No ports matched 'sw[7]'. [C:/Users/anlac/OneDrive/Documents/GitHub/DL202010_lackey/Lab 9/switches.xdc:17]
CRITICAL WARNING: [Common 17-55] 'set_property' expects at least one object. [C:/Users/anlac/OneDrive/Documents/GitHub/DL202010_lackey/Lab 9/switches.xdc:17]
Resolution: If [get_<value>] was used to populate the object, check to make sure this command returns at least one valid object.
WARNING: [Vivado 12-584] No ports matched 'sw[8]'. [C:/Users/anlac/OneDrive/Documents/GitHub/DL202010_lackey/Lab 9/switches.xdc:18]
CRITICAL WARNING: [Common 17-55] 'set_property' expects at least one object. [C:/Users/anlac/OneDrive/Documents/GitHub/DL202010_lackey/Lab 9/switches.xdc:18]
Resolution: If [get_<value>] was used to populate the object, check to make sure this command returns at least one valid object.
WARNING: [Vivado 12-584] No ports matched 'sw[8]'. [C:/Users/anlac/OneDrive/Documents/GitHub/DL202010_lackey/Lab 9/switches.xdc:19]
CRITICAL WARNING: [Common 17-55] 'set_property' expects at least one object. [C:/Users/anlac/OneDrive/Documents/GitHub/DL202010_lackey/Lab 9/switches.xdc:19]
Resolution: If [get_<value>] was used to populate the object, check to make sure this command returns at least one valid object.
WARNING: [Vivado 12-584] No ports matched 'sw[9]'. [C:/Users/anlac/OneDrive/Documents/GitHub/DL202010_lackey/Lab 9/switches.xdc:20]
CRITICAL WARNING: [Common 17-55] 'set_property' expects at least one object. [C:/Users/anlac/OneDrive/Documents/GitHub/DL202010_lackey/Lab 9/switches.xdc:20]
Resolution: If [get_<value>] was used to populate the object, check to make sure this command returns at least one valid object.
WARNING: [Vivado 12-584] No ports matched 'sw[9]'. [C:/Users/anlac/OneDrive/Documents/GitHub/DL202010_lackey/Lab 9/switches.xdc:21]
CRITICAL WARNING: [Common 17-55] 'set_property' expects at least one object. [C:/Users/anlac/OneDrive/Documents/GitHub/DL202010_lackey/Lab 9/switches.xdc:21]
Resolution: If [get_<value>] was used to populate the object, check to make sure this command returns at least one valid object.
WARNING: [Vivado 12-584] No ports matched 'sw[10]'. [C:/Users/anlac/OneDrive/Documents/GitHub/DL202010_lackey/Lab 9/switches.xdc:22]
CRITICAL WARNING: [Common 17-55] 'set_property' expects at least one object. [C:/Users/anlac/OneDrive/Documents/GitHub/DL202010_lackey/Lab 9/switches.xdc:22]
Resolution: If [get_<value>] was used to populate the object, check to make sure this command returns at least one valid object.
WARNING: [Vivado 12-584] No ports matched 'sw[10]'. [C:/Users/anlac/OneDrive/Documents/GitHub/DL202010_lackey/Lab 9/switches.xdc:23]
CRITICAL WARNING: [Common 17-55] 'set_property' expects at least one object. [C:/Users/anlac/OneDrive/Documents/GitHub/DL202010_lackey/Lab 9/switches.xdc:23]
Resolution: If [get_<value>] was used to populate the object, check to make sure this command returns at least one valid object.
WARNING: [Vivado 12-584] No ports matched 'sw[11]'. [C:/Users/anlac/OneDrive/Documents/GitHub/DL202010_lackey/Lab 9/switches.xdc:24]
CRITICAL WARNING: [Common 17-55] 'set_property' expects at least one object. [C:/Users/anlac/OneDrive/Documents/GitHub/DL202010_lackey/Lab 9/switches.xdc:24]
Resolution: If [get_<value>] was used to populate the object, check to make sure this command returns at least one valid object.
WARNING: [Vivado 12-584] No ports matched 'sw[11]'. [C:/Users/anlac/OneDrive/Documents/GitHub/DL202010_lackey/Lab 9/switches.xdc:25]
CRITICAL WARNING: [Common 17-55] 'set_property' expects at least one object. [C:/Users/anlac/OneDrive/Documents/GitHub/DL202010_lackey/Lab 9/switches.xdc:25]
Resolution: If [get_<value>] was used to populate the object, check to make sure this command returns at least one valid object.
WARNING: [Vivado 12-584] No ports matched 'sw[12]'. [C:/Users/anlac/OneDrive/Documents/GitHub/DL202010_lackey/Lab 9/switches.xdc:26]
CRITICAL WARNING: [Common 17-55] 'set_property' expects at least one object. [C:/Users/anlac/OneDrive/Documents/GitHub/DL202010_lackey/Lab 9/switches.xdc:26]
Resolution: If [get_<value>] was used to populate the object, check to make sure this command returns at least one valid object.
WARNING: [Vivado 12-584] No ports matched 'sw[12]'. [C:/Users/anlac/OneDrive/Documents/GitHub/DL202010_lackey/Lab 9/switches.xdc:27]
CRITICAL WARNING: [Common 17-55] 'set_property' expects at least one object. [C:/Users/anlac/OneDrive/Documents/GitHub/DL202010_lackey/Lab 9/switches.xdc:27]
Resolution: If [get_<value>] was used to populate the object, check to make sure this command returns at least one valid object.
WARNING: [Vivado 12-584] No ports matched 'sw[13]'. [C:/Users/anlac/OneDrive/Documents/GitHub/DL202010_lackey/Lab 9/switches.xdc:28]
CRITICAL WARNING: [Common 17-55] 'set_property' expects at least one object. [C:/Users/anlac/OneDrive/Documents/GitHub/DL202010_lackey/Lab 9/switches.xdc:28]
Resolution: If [get_<value>] was used to populate the object, check to make sure this command returns at least one valid object.
WARNING: [Vivado 12-584] No ports matched 'sw[13]'. [C:/Users/anlac/OneDrive/Documents/GitHub/DL202010_lackey/Lab 9/switches.xdc:29]
CRITICAL WARNING: [Common 17-55] 'set_property' expects at least one object. [C:/Users/anlac/OneDrive/Documents/GitHub/DL202010_lackey/Lab 9/switches.xdc:29]
Resolution: If [get_<value>] was used to populate the object, check to make sure this command returns at least one valid object.
WARNING: [Vivado 12-584] No ports matched 'sw[14]'. [C:/Users/anlac/OneDrive/Documents/GitHub/DL202010_lackey/Lab 9/switches.xdc:30]
CRITICAL WARNING: [Common 17-55] 'set_property' expects at least one object. [C:/Users/anlac/OneDrive/Documents/GitHub/DL202010_lackey/Lab 9/switches.xdc:30]
Resolution: If [get_<value>] was used to populate the object, check to make sure this command returns at least one valid object.
WARNING: [Vivado 12-584] No ports matched 'sw[14]'. [C:/Users/anlac/OneDrive/Documents/GitHub/DL202010_lackey/Lab 9/switches.xdc:31]
CRITICAL WARNING: [Common 17-55] 'set_property' expects at least one object. [C:/Users/anlac/OneDrive/Documents/GitHub/DL202010_lackey/Lab 9/switches.xdc:31]
Resolution: If [get_<value>] was used to populate the object, check to make sure this command returns at least one valid object.
WARNING: [Vivado 12-584] No ports matched 'sw[15]'. [C:/Users/anlac/OneDrive/Documents/GitHub/DL202010_lackey/Lab 9/switches.xdc:32]
CRITICAL WARNING: [Common 17-55] 'set_property' expects at least one object. [C:/Users/anlac/OneDrive/Documents/GitHub/DL202010_lackey/Lab 9/switches.xdc:32]
Resolution: If [get_<value>] was used to populate the object, check to make sure this command returns at least one valid object.
WARNING: [Vivado 12-584] No ports matched 'sw[15]'. [C:/Users/anlac/OneDrive/Documents/GitHub/DL202010_lackey/Lab 9/switches.xdc:33]
CRITICAL WARNING: [Common 17-55] 'set_property' expects at least one object. [C:/Users/anlac/OneDrive/Documents/GitHub/DL202010_lackey/Lab 9/switches.xdc:33]
Resolution: If [get_<value>] was used to populate the object, check to make sure this command returns at least one valid object.
Finished Parsing XDC File [C:/Users/anlac/OneDrive/Documents/GitHub/DL202010_lackey/Lab 9/switches.xdc]
Completed Processing XDC Constraints

Netlist sorting complete. Time (s): cpu = 00:00:00 ; elapsed = 00:00:00 . Memory (MB): peak = 678.832 ; gain = 0.000
INFO: [Project 1-111] Unisim Transformation Summary:
No Unisim elements were transformed.

Netlist sorting complete. Time (s): cpu = 00:00:00 ; elapsed = 00:00:00 . Memory (MB): peak = 678.832 ; gain = 0.000
WARNING: [Constraints 18-5210] No constraints selected for write.
Resolution: This message can indicate that there are no constraints for the design, or it can indicate that the used_in flags are set such that the constraints are ignored. This later case is used when running synth_design to not write synthesis constraints to the resulting checkpoint. Instead, project constraints are read when the synthesized design is opened.
Constraint Validation Runtime : Time (s): cpu = 00:00:01 ; elapsed = 00:00:00.033 . Memory (MB): peak = 678.832 ; gain = 0.000
---------------------------------------------------------------------------------
Finished Constraint Validation : Time (s): cpu = 00:00:09 ; elapsed = 00:00:10 . Memory (MB): peak = 678.832 ; gain = 431.668
---------------------------------------------------------------------------------
---------------------------------------------------------------------------------
Start Loading Part and Timing Information
---------------------------------------------------------------------------------
Loading part: xc7k70tfbv676-1
---------------------------------------------------------------------------------
Finished Loading Part and Timing Information : Time (s): cpu = 00:00:09 ; elapsed = 00:00:10 . Memory (MB): peak = 678.832 ; gain = 431.668
---------------------------------------------------------------------------------
---------------------------------------------------------------------------------
Start Applying 'set_property' XDC Constraints
---------------------------------------------------------------------------------
---------------------------------------------------------------------------------
Finished applying 'set_property' XDC Constraints : Time (s): cpu = 00:00:09 ; elapsed = 00:00:10 . Memory (MB): peak = 678.832 ; gain = 431.668
---------------------------------------------------------------------------------
INFO: [Synth 8-5818] HDL ADVISOR - The operator resource <adder> is shared. To prevent sharing consider applying a KEEP on the output of the operator [C:/Users/anlac/OneDrive/Documents/GitHub/DL202010_lackey/Lab 9/Lab_9.srcs/sources_1/new/alu.sv:13]
---------------------------------------------------------------------------------
Finished RTL Optimization Phase 2 : Time (s): cpu = 00:00:09 ; elapsed = 00:00:10 . Memory (MB): peak = 678.832 ; gain = 431.668
---------------------------------------------------------------------------------

Report RTL Partitions: 
+-+--------------+------------+----------+
| |RTL Partition |Replication |Instances |
+-+--------------+------------+----------+
+-+--------------+------------+----------+
---------------------------------------------------------------------------------
Start RTL Component Statistics 
---------------------------------------------------------------------------------
Detailed RTL Component Info : 
+---Adders : 
	   3 Input      8 Bit       Adders := 1     
+---XORs : 
	   2 Input      8 Bit         XORs := 1     
+---Registers : 
	                4 Bit    Registers := 2     
+---Muxes : 
	   2 Input      8 Bit        Muxes := 2     
	   6 Input      8 Bit        Muxes := 1     
---------------------------------------------------------------------------------
Finished RTL Component Statistics 
---------------------------------------------------------------------------------
---------------------------------------------------------------------------------
Start RTL Hierarchical Component Statistics 
---------------------------------------------------------------------------------
Hierarchical RTL Component report 
Module register 
Detailed RTL Component Info : 
+---Registers : 
	                4 Bit    Registers := 1     
Module alu 
Detailed RTL Component Info : 
+---Adders : 
	   3 Input      8 Bit       Adders := 1     
+---XORs : 
	   2 Input      8 Bit         XORs := 1     
+---Muxes : 
	   2 Input      8 Bit        Muxes := 2     
	   6 Input      8 Bit        Muxes := 1     
---------------------------------------------------------------------------------
Finished RTL Hierarchical Component Statistics
---------------------------------------------------------------------------------
---------------------------------------------------------------------------------
Start Part Resource Summary
---------------------------------------------------------------------------------
Part Resources:
DSPs: 240 (col length:80)
BRAMs: 270 (col length: RAMB18 80 RAMB36 40)
---------------------------------------------------------------------------------
Finished Part Resource Summary
---------------------------------------------------------------------------------
---------------------------------------------------------------------------------
Start Cross Boundary and Area Optimization
---------------------------------------------------------------------------------
Warning: Parallel synthesis criteria is not met 
---------------------------------------------------------------------------------
Finished Cross Boundary and Area Optimization : Time (s): cpu = 00:00:09 ; elapsed = 00:00:11 . Memory (MB): peak = 678.832 ; gain = 431.668
---------------------------------------------------------------------------------

Report RTL Partitions: 
+-+--------------+------------+----------+
| |RTL Partition |Replication |Instances |
+-+--------------+------------+----------+
+-+--------------+------------+----------+
---------------------------------------------------------------------------------
Start Applying XDC Timing Constraints
---------------------------------------------------------------------------------
---------------------------------------------------------------------------------
Finished Applying XDC Timing Constraints : Time (s): cpu = 00:00:16 ; elapsed = 00:00:17 . Memory (MB): peak = 705.781 ; gain = 458.617
---------------------------------------------------------------------------------
---------------------------------------------------------------------------------
Start Timing Optimization
---------------------------------------------------------------------------------
---------------------------------------------------------------------------------
Finished Timing Optimization : Time (s): cpu = 00:00:16 ; elapsed = 00:00:17 . Memory (MB): peak = 705.781 ; gain = 458.617
---------------------------------------------------------------------------------

Report RTL Partitions: 
+-+--------------+------------+----------+
| |RTL Partition |Replication |Instances |
+-+--------------+------------+----------+
+-+--------------+------------+----------+
---------------------------------------------------------------------------------
Start Technology Mapping
---------------------------------------------------------------------------------
---------------------------------------------------------------------------------
Finished Technology Mapping : Time (s): cpu = 00:00:16 ; elapsed = 00:00:17 . Memory (MB): peak = 715.313 ; gain = 468.148
---------------------------------------------------------------------------------

Report RTL Partitions: 
+-+--------------+------------+----------+
| |RTL Partition |Replication |Instances |
+-+--------------+------------+----------+
+-+--------------+------------+----------+
---------------------------------------------------------------------------------
Start IO Insertion
---------------------------------------------------------------------------------
---------------------------------------------------------------------------------
Start Flattening Before IO Insertion
---------------------------------------------------------------------------------
---------------------------------------------------------------------------------
Finished Flattening Before IO Insertion
---------------------------------------------------------------------------------
---------------------------------------------------------------------------------
Start Final Netlist Cleanup
---------------------------------------------------------------------------------
---------------------------------------------------------------------------------
Finished Final Netlist Cleanup
---------------------------------------------------------------------------------
---------------------------------------------------------------------------------
Finished IO Insertion : Time (s): cpu = 00:00:17 ; elapsed = 00:00:18 . Memory (MB): peak = 715.313 ; gain = 468.148
---------------------------------------------------------------------------------

Report Check Netlist: 
+------+------------------+-------+---------+-------+------------------+
|      |Item              |Errors |Warnings |Status |Description       |
+------+------------------+-------+---------+-------+------------------+
|1     |multi_driven_nets |      0|        0|Passed |Multi driven nets |
+------+------------------+-------+---------+-------+------------------+
---------------------------------------------------------------------------------
Start Renaming Generated Instances
---------------------------------------------------------------------------------
---------------------------------------------------------------------------------
Finished Renaming Generated Instances : Time (s): cpu = 00:00:17 ; elapsed = 00:00:18 . Memory (MB): peak = 715.313 ; gain = 468.148
---------------------------------------------------------------------------------

Report RTL Partitions: 
+-+--------------+------------+----------+
| |RTL Partition |Replication |Instances |
+-+--------------+------------+----------+
+-+--------------+------------+----------+
---------------------------------------------------------------------------------
Start Rebuilding User Hierarchy
---------------------------------------------------------------------------------
---------------------------------------------------------------------------------
Finished Rebuilding User Hierarchy : Time (s): cpu = 00:00:17 ; elapsed = 00:00:18 . Memory (MB): peak = 715.313 ; gain = 468.148
---------------------------------------------------------------------------------
---------------------------------------------------------------------------------
Start Renaming Generated Ports
---------------------------------------------------------------------------------
---------------------------------------------------------------------------------
Finished Renaming Generated Ports : Time (s): cpu = 00:00:17 ; elapsed = 00:00:18 . Memory (MB): peak = 715.313 ; gain = 468.148
---------------------------------------------------------------------------------
---------------------------------------------------------------------------------
Start Handling Custom Attributes
---------------------------------------------------------------------------------
---------------------------------------------------------------------------------
Finished Handling Custom Attributes : Time (s): cpu = 00:00:17 ; elapsed = 00:00:18 . Memory (MB): peak = 715.313 ; gain = 468.148
---------------------------------------------------------------------------------
---------------------------------------------------------------------------------
Start Renaming Generated Nets
---------------------------------------------------------------------------------
---------------------------------------------------------------------------------
Finished Renaming Generated Nets : Time (s): cpu = 00:00:17 ; elapsed = 00:00:18 . Memory (MB): peak = 715.313 ; gain = 468.148
---------------------------------------------------------------------------------
---------------------------------------------------------------------------------
Start Writing Synthesis Report
---------------------------------------------------------------------------------

Report BlackBoxes: 
+-+--------------+----------+
| |BlackBox name |Instances |
+-+--------------+----------+
+-+--------------+----------+

Report Cell Usage: 
+-+-----+------+
| |Cell |Count |
+-+-----+------+
+-+-----+------+

Report Instance Areas: 
+------+---------+-------+------+
|      |Instance |Module |Cells |
+------+---------+-------+------+
|1     |top      |       |     0|
+------+---------+-------+------+
---------------------------------------------------------------------------------
Finished Writing Synthesis Report : Time (s): cpu = 00:00:17 ; elapsed = 00:00:18 . Memory (MB): peak = 715.313 ; gain = 468.148
---------------------------------------------------------------------------------
Synthesis finished with 0 errors, 0 critical warnings and 0 warnings.
Synthesis Optimization Runtime : Time (s): cpu = 00:00:10 ; elapsed = 00:00:13 . Memory (MB): peak = 715.313 ; gain = 175.980
Synthesis Optimization Complete : Time (s): cpu = 00:00:17 ; elapsed = 00:00:18 . Memory (MB): peak = 715.313 ; gain = 468.148
INFO: [Project 1-571] Translating synthesized netlist
INFO: [Project 1-570] Preparing netlist for logic optimization
INFO: [Opt 31-138] Pushed 0 inverter(s) to 0 load pin(s).
Netlist sorting complete. Time (s): cpu = 00:00:00 ; elapsed = 00:00:00.001 . Memory (MB): peak = 725.746 ; gain = 0.000
INFO: [Project 1-111] Unisim Transformation Summary:
No Unisim elements were transformed.

INFO: [Common 17-83] Releasing license: Synthesis
18 Infos, 97 Warnings, 73 Critical Warnings and 0 Errors encountered.
synth_design completed successfully
synth_design: Time (s): cpu = 00:00:19 ; elapsed = 00:00:20 . Memory (MB): peak = 725.746 ; gain = 478.582
Netlist sorting complete. Time (s): cpu = 00:00:00 ; elapsed = 00:00:00 . Memory (MB): peak = 725.746 ; gain = 0.000
WARNING: [Constraints 18-5210] No constraints selected for write.
Resolution: This message can indicate that there are no constraints for the design, or it can indicate that the used_in flags are set such that the constraints are ignored. This later case is used when running synth_design to not write synthesis constraints to the resulting checkpoint. Instead, project constraints are read when the synthesized design is opened.
INFO: [Common 17-1381] The checkpoint 'C:/Users/anlac/OneDrive/Documents/GitHub/DL202010_lackey/Lab 9/Lab_9.runs/synth_1/basys3_lab9.dcp' has been generated.
INFO: [runtcl-4] Executing : report_utilization -file basys3_lab9_utilization_synth.rpt -pb basys3_lab9_utilization_synth.pb
INFO: [Common 17-206] Exiting Vivado at Wed Apr  1 15:59:33 2020...
